<?xml version="1.0" encoding="UTF-8"?>
<!-- Generated by org.testng.reporters.JUnitReportReporter -->
<testsuite hostname="ivanxue" name="testCases.MercuryTourTest_TestNG" tests="1" failures="0" timestamp="11 Aug 2017 02:20:09 GMT" time="13.459" errors="0">
  <testcase name="main" time="13.459" classname="testCases.MercuryTourTest_TestNG"/>
</testsuite> <!-- testCases.MercuryTourTest_TestNG -->
