<?xml version="1.0" encoding="UTF-8"?>
<!-- Generated by org.testng.reporters.JUnitReportReporter -->
<testsuite hostname="ivanxue" name="testCases.GoogleTest_TestNG" tests="1" failures="0" timestamp="11 Aug 2017 02:26:28 GMT" time="13.485" errors="0">
  <testcase name="main" time="13.485" classname="testCases.GoogleTest_TestNG"/>
</testsuite> <!-- testCases.GoogleTest_TestNG -->
